21:20:48: Creating resource group General
21:20:48: Creating resource group Internal
21:20:48: Creating resource group Autodetect
21:20:48: SceneManagerFactory for type 'DefaultSceneManager' registered.
21:20:48: Registering ResourceManager for type Material
21:20:48: Registering ResourceManager for type Mesh
21:20:48: Registering ResourceManager for type Skeleton
21:20:48: MovableObjectFactory for type 'ParticleSystem' registered.
21:20:48: ArchiveFactory for archive type FileSystem registered.
21:20:48: ArchiveFactory for archive type Zip registered.
21:20:48: ArchiveFactory for archive type EmbeddedZip registered.
21:20:48: DDS codec registering
21:20:48: FreeImage version: 3.15.4
21:20:48: This program uses FreeImage, a free, open source image library supporting all common bitmap formats. See http://freeimage.sourceforge.net for details
21:20:48: Supported formats: bmp,ico,jpg,jif,jpeg,jpe,jng,koa,iff,lbm,mng,pbm,pbm,pcd,pcx,pgm,pgm,png,ppm,ppm,ras,tga,targa,tif,tiff,wap,wbmp,wbm,psd,cut,xbm,xpm,gif,hdr,g3,sgi,exr,j2k,j2c,jp2,pfm,pct,pict,pic,3fr,arw,bay,bmq,cap,cine,cr2,crw,cs1,dc2,dcr,drf,dsc,dng,erf,fff,ia,iiq,k25,kc2,kdc,mdc,mef,mos,mrw,nef,nrw,orf,pef,ptx,pxn,qtk,raf,raw,rdc,rw2,rwl,rwz,sr2,srf,srw,sti
21:20:48: Registering ResourceManager for type HighLevelGpuProgram
21:20:48: Registering ResourceManager for type Compositor
21:20:48: MovableObjectFactory for type 'Entity' registered.
21:20:48: MovableObjectFactory for type 'Light' registered.
21:20:48: MovableObjectFactory for type 'BillboardSet' registered.
21:20:48: MovableObjectFactory for type 'ManualObject' registered.
21:20:48: MovableObjectFactory for type 'BillboardChain' registered.
21:20:48: MovableObjectFactory for type 'RibbonTrail' registered.
21:20:48: Loading library /usr/local/lib/OGRE/RenderSystem_GL
21:20:48: Installing plugin: GL RenderSystem
21:20:48: OpenGL Rendering Subsystem created.
21:20:48: Plugin successfully installed
21:20:48: Loading library /usr/local/lib/OGRE/Plugin_ParticleFX
21:20:48: Installing plugin: ParticleFX
21:20:48: Particle Emitter Type 'Point' registered
21:20:48: Particle Emitter Type 'Box' registered
21:20:48: Particle Emitter Type 'Ellipsoid' registered
21:20:48: Particle Emitter Type 'Cylinder' registered
21:20:48: Particle Emitter Type 'Ring' registered
21:20:48: Particle Emitter Type 'HollowEllipsoid' registered
21:20:48: Particle Affector Type 'LinearForce' registered
21:20:48: Particle Affector Type 'ColourFader' registered
21:20:48: Particle Affector Type 'ColourFader2' registered
21:20:48: Particle Affector Type 'ColourImage' registered
21:20:48: Particle Affector Type 'ColourInterpolator' registered
21:20:48: Particle Affector Type 'Scaler' registered
21:20:48: Particle Affector Type 'Rotator' registered
21:20:48: Particle Affector Type 'DirectionRandomiser' registered
21:20:48: Particle Affector Type 'DeflectorPlane' registered
21:20:48: Plugin successfully installed
21:20:48: Loading library /usr/local/lib/OGRE/Plugin_BSPSceneManager
21:20:48: Installing plugin: BSP Scene Manager
21:20:48: Plugin successfully installed
21:20:48: Loading library /usr/local/lib/OGRE/Plugin_CgProgramManager
21:20:48: Installing plugin: Cg Program Manager
21:20:48: Plugin successfully installed
21:20:48: Loading library /usr/local/lib/OGRE/Plugin_PCZSceneManager
21:20:48: Installing plugin: Portal Connected Zone Scene Manager
21:20:48: PCZone Factory Type 'ZoneType_Default' registered
21:20:48: Plugin successfully installed
21:20:48: Loading library /usr/local/lib/OGRE/Plugin_OctreeZone
21:20:48: Installing plugin: Octree Zone Factory
21:20:48: Plugin successfully installed
21:20:48: Loading library /usr/local/lib/OGRE/Plugin_OctreeSceneManager
21:20:48: Installing plugin: Octree Scene Manager
21:20:48: Plugin successfully installed
21:20:48: *-*-* OGRE Initialising
21:20:48: *-*-* Version 1.9.0 (Ghadamon)
21:20:48: Creating resource group Essential
21:20:48: Added resource location '../media/packs/SdkTrays.zip' of type 'Zip' to resource group 'Essential'
21:20:48: Added resource location '../media' of type 'FileSystem' to resource group 'General'
21:20:48: Added resource location '../media/materials/scripts' of type 'FileSystem' to resource group 'General'
21:20:48: Added resource location '../media/materials/textures' of type 'FileSystem' to resource group 'General'
21:20:48: Added resource location '../media/models' of type 'FileSystem' to resource group 'General'
21:20:50: *-*-* OGRE Shutdown
21:20:50: Unregistering ResourceManager for type Compositor
21:20:50: Unregistering ResourceManager for type Skeleton
21:20:50: Unregistering ResourceManager for type Mesh
21:20:50: Unregistering ResourceManager for type HighLevelGpuProgram
21:20:50: Uninstalling plugin: Octree Scene Manager
21:20:50: Plugin successfully uninstalled
21:20:50: Unloading library /usr/local/lib/OGRE/Plugin_OctreeSceneManager
21:20:51: Uninstalling plugin: Octree Zone Factory
21:20:51: Plugin successfully uninstalled
21:20:51: Unloading library /usr/local/lib/OGRE/Plugin_OctreeZone
21:20:51: Uninstalling plugin: Portal Connected Zone Scene Manager
21:20:51: Plugin successfully uninstalled
21:20:51: Unloading library /usr/local/lib/OGRE/Plugin_PCZSceneManager
21:20:51: Uninstalling plugin: Cg Program Manager
21:20:51: Plugin successfully uninstalled
21:20:51: Unloading library /usr/local/lib/OGRE/Plugin_CgProgramManager
21:20:51: Uninstalling plugin: BSP Scene Manager
21:20:51: Plugin successfully uninstalled
21:20:51: Unloading library /usr/local/lib/OGRE/Plugin_BSPSceneManager
21:20:51: Uninstalling plugin: ParticleFX
21:20:51: Plugin successfully uninstalled
21:20:51: Unloading library /usr/local/lib/OGRE/Plugin_ParticleFX
21:20:51: Uninstalling plugin: GL RenderSystem
21:20:51: ******************************
*** Stopping GLX Subsystem ***
******************************
21:20:51: Plugin successfully uninstalled
21:20:51: Unloading library /usr/local/lib/OGRE/RenderSystem_GL
21:20:51: Unregistering ResourceManager for type Material
